<?xml version="1.0" encoding="UTF-8" standalone="no"?>
<!DOCTYPE log SYSTEM "logger.dtd">
<log>
<record>
  <date>2018-09-13T14:16:49.537-0300</date>
  <logger>MATHEUS DA SILVA COIMBRA PATRIOTA</logger>
  <level>FINE</level>
  <message>File 117210391-MATHEUS DA SILVA COIMBRA PATRIOTA.zip was received. It was sent by MATHEUS DA SILVA COIMBRA PATRIOTA from IP 150.165.42.187</message>
</record>
</log>
<?xml version="1.0" encoding="UTF-8" standalone="no"?>
<!DOCTYPE log SYSTEM "logger.dtd">
<log>
<record>
  <date>2018-09-13T15:53:04.736-0300</date>
  <logger>MATHEUS DA SILVA COIMBRA PATRIOTA</logger>
  <level>FINE</level>
  <message>File 117210391-MATHEUS DA SILVA COIMBRA PATRIOTA.zip was received. It was sent by MATHEUS DA SILVA COIMBRA PATRIOTA from IP 150.165.42.187</message>
</record>
</log>
<?xml version="1.0" encoding="UTF-8" standalone="no"?>
<!DOCTYPE log SYSTEM "logger.dtd">
<log>
<record>
  <date>2018-09-13T21:35:01.785-0300</date>
  <logger>MATHEUS DA SILVA COIMBRA PATRIOTA</logger>
  <level>FINE</level>
  <message>File 117210391-MATHEUS DA SILVA COIMBRA PATRIOTA.zip was received. It was sent by MATHEUS DA SILVA COIMBRA PATRIOTA from IP 192.168.15.2</message>
</record>
</log>
<?xml version="1.0" encoding="UTF-8" standalone="no"?>
<!DOCTYPE log SYSTEM "logger.dtd">
<log>
<record>
  <date>2018-09-13T22:33:14.270-0300</date>
  <logger>MATHEUS DA SILVA COIMBRA PATRIOTA</logger>
  <level>FINE</level>
  <message>File 117210391-MATHEUS DA SILVA COIMBRA PATRIOTA.zip was received. It was sent by MATHEUS DA SILVA COIMBRA PATRIOTA from IP 192.168.15.2</message>
</record>
