<?xml version="1.0" encoding="UTF-8" standalone="no"?>
<!DOCTYPE log SYSTEM "logger.dtd">
<log>
<record>
  <date>2018-11-20T15:54:32.840-0300</date>
  <logger>MATHEUS DA SILVA COIMBRA PATRIOTA</logger>
  <level>FINE</level>
  <message>File 117210391-MATHEUS DA SILVA COIMBRA PATRIOTA.zip was received. It was sent by MATHEUS DA SILVA COIMBRA PATRIOTA from IP 192.168.15.6</message>
</record>
</log>
<?xml version="1.0" encoding="UTF-8" standalone="no"?>
<!DOCTYPE log SYSTEM "logger.dtd">
<log>
<record>
  <date>2018-11-20T19:11:07.717-0300</date>
  <logger>MATHEUS DA SILVA COIMBRA PATRIOTA</logger>
  <level>FINE</level>
  <message>File 117210391-MATHEUS DA SILVA COIMBRA PATRIOTA.zip was received. It was sent by MATHEUS DA SILVA COIMBRA PATRIOTA from IP 192.168.15.6</message>
</record>
</log>
<?xml version="1.0" encoding="UTF-8" standalone="no"?>
<!DOCTYPE log SYSTEM "logger.dtd">
<log>
<record>
  <date>2018-11-20T19:16:21.211-0300</date>
  <logger>MATHEUS DA SILVA COIMBRA PATRIOTA</logger>
  <level>FINE</level>
  <message>File 117210391-MATHEUS DA SILVA COIMBRA PATRIOTA.zip was received. It was sent by MATHEUS DA SILVA COIMBRA PATRIOTA from IP 192.168.15.6</message>
</record>
