<?xml version="1.0" encoding="UTF-8" standalone="no"?>
<!DOCTYPE log SYSTEM "logger.dtd">
<log>
<record>
  <date>2018-09-06T14:13:05.905-0300</date>
  <logger>MATHEUS DA SILVA COIMBRA PATRIOTA</logger>
  <level>FINE</level>
  <message>File 117210391-MATHEUS DA SILVA COIMBRA PATRIOTA.zip was received. It was sent by MATHEUS DA SILVA COIMBRA PATRIOTA from IP 150.165.42.181</message>
</record>
</log>
<?xml version="1.0" encoding="UTF-8" standalone="no"?>
<!DOCTYPE log SYSTEM "logger.dtd">
<log>
<record>
  <date>2018-09-06T15:37:50.343-0300</date>
  <logger>MATHEUS DA SILVA COIMBRA PATRIOTA</logger>
  <level>FINE</level>
  <message>File 117210391-MATHEUS DA SILVA COIMBRA PATRIOTA.zip was received. It was sent by MATHEUS DA SILVA COIMBRA PATRIOTA from IP 150.165.42.181</message>
</record>
</log>
<?xml version="1.0" encoding="UTF-8" standalone="no"?>
<!DOCTYPE log SYSTEM "logger.dtd">
<log>
<record>
  <date>2018-09-06T20:32:46.794-0300</date>
  <logger>MATHEUS DA SILVA COIMBRA PATRIOTA</logger>
  <level>FINE</level>
  <message>File 117210391-MATHEUS DA SILVA COIMBRA PATRIOTA.zip was received. It was sent by MATHEUS DA SILVA COIMBRA PATRIOTA from IP 192.168.15.2</message>
</record>
