<?xml version="1.0" encoding="UTF-8" standalone="no"?>
<!DOCTYPE log SYSTEM "logger.dtd">
<log>
<record>
  <date>2018-09-10T16:17:07.337-0300</date>
  <logger>MATHEUS DA SILVA COIMBRA PATRIOTA</logger>
  <level>FINE</level>
  <message>File 117210391-MATHEUS DA SILVA COIMBRA PATRIOTA.zip was received. It was sent by MATHEUS DA SILVA COIMBRA PATRIOTA from IP 150.165.42.187</message>
</record>
</log>
<?xml version="1.0" encoding="UTF-8" standalone="no"?>
<!DOCTYPE log SYSTEM "logger.dtd">
<log>
<record>
  <date>2018-09-10T16:18:51.224-0300</date>
  <logger>MATHEUS DA SILVA COIMBRA PATRIOTA</logger>
  <level>FINE</level>
  <message>File 117210391-MATHEUS DA SILVA COIMBRA PATRIOTA.zip was received. It was sent by MATHEUS DA SILVA COIMBRA PATRIOTA from IP 150.165.42.187</message>
</record>
</log>
<?xml version="1.0" encoding="UTF-8" standalone="no"?>
<!DOCTYPE log SYSTEM "logger.dtd">
<log>
<record>
  <date>2018-09-11T00:32:01.719-0300</date>
  <logger>MATHEUS DA SILVA COIMBRA PATRIOTA</logger>
  <level>FINE</level>
  <message>File 117210391-MATHEUS DA SILVA COIMBRA PATRIOTA.zip was received. It was sent by MATHEUS DA SILVA COIMBRA PATRIOTA from IP 192.168.15.2</message>
</record>
